Determining if the pthread_create exist failed with the following output:
Change Dir: /home/phil/catkin_ws/src/scripts/joint_states_listener/build/CMakeFiles/CMakeTmp

Run Build Command:"/usr/bin/make" "cmTC_b559d/fast"
make[1]: Entering directory '/home/phil/catkin_ws/src/scripts/joint_states_listener/build/CMakeFiles/CMakeTmp'
/usr/bin/make -f CMakeFiles/cmTC_b559d.dir/build.make CMakeFiles/cmTC_b559d.dir/build
make[2]: Entering directory '/home/phil/catkin_ws/src/scripts/joint_states_listener/build/CMakeFiles/CMakeTmp'
Building C object CMakeFiles/cmTC_b559d.dir/CheckSymbolExists.c.o
/usr/bin/cc     -o CMakeFiles/cmTC_b559d.dir/CheckSymbolExists.c.o   -c /home/phil/catkin_ws/src/scripts/joint_states_listener/build/CMakeFiles/CMakeTmp/CheckSymbolExists.c
Linking C executable cmTC_b559d
/usr/bin/cmake -E cmake_link_script CMakeFiles/cmTC_b559d.dir/link.txt --verbose=1
/usr/bin/cc       CMakeFiles/cmTC_b559d.dir/CheckSymbolExists.c.o  -o cmTC_b559d -rdynamic 
CMakeFiles/cmTC_b559d.dir/CheckSymbolExists.c.o: In function `main':
CheckSymbolExists.c:(.text+0x16): undefined reference to `pthread_create'
collect2: error: ld returned 1 exit status
CMakeFiles/cmTC_b559d.dir/build.make:97: recipe for target 'cmTC_b559d' failed
make[2]: *** [cmTC_b559d] Error 1
make[2]: Leaving directory '/home/phil/catkin_ws/src/scripts/joint_states_listener/build/CMakeFiles/CMakeTmp'
Makefile:126: recipe for target 'cmTC_b559d/fast' failed
make[1]: *** [cmTC_b559d/fast] Error 2
make[1]: Leaving directory '/home/phil/catkin_ws/src/scripts/joint_states_listener/build/CMakeFiles/CMakeTmp'

File /home/phil/catkin_ws/src/scripts/joint_states_listener/build/CMakeFiles/CMakeTmp/CheckSymbolExists.c:
/* */
#include <pthread.h>

int main(int argc, char** argv)
{
  (void)argv;
#ifndef pthread_create
  return ((int*)(&pthread_create))[argc];
#else
  (void)argc;
  return 0;
#endif
}

Determining if the function pthread_create exists in the pthreads failed with the following output:
Change Dir: /home/phil/catkin_ws/src/scripts/joint_states_listener/build/CMakeFiles/CMakeTmp

Run Build Command:"/usr/bin/make" "cmTC_82536/fast"
make[1]: Entering directory '/home/phil/catkin_ws/src/scripts/joint_states_listener/build/CMakeFiles/CMakeTmp'
/usr/bin/make -f CMakeFiles/cmTC_82536.dir/build.make CMakeFiles/cmTC_82536.dir/build
make[2]: Entering directory '/home/phil/catkin_ws/src/scripts/joint_states_listener/build/CMakeFiles/CMakeTmp'
Building C object CMakeFiles/cmTC_82536.dir/CheckFunctionExists.c.o
/usr/bin/cc    -DCHECK_FUNCTION_EXISTS=pthread_create   -o CMakeFiles/cmTC_82536.dir/CheckFunctionExists.c.o   -c /usr/share/cmake-3.5/Modules/CheckFunctionExists.c
Linking C executable cmTC_82536
/usr/bin/cmake -E cmake_link_script CMakeFiles/cmTC_82536.dir/link.txt --verbose=1
/usr/bin/cc   -DCHECK_FUNCTION_EXISTS=pthread_create    CMakeFiles/cmTC_82536.dir/CheckFunctionExists.c.o  -o cmTC_82536 -rdynamic -lpthreads 
/usr/bin/ld: cannot find -lpthreads
collect2: error: ld returned 1 exit status
CMakeFiles/cmTC_82536.dir/build.make:97: recipe for target 'cmTC_82536' failed
make[2]: *** [cmTC_82536] Error 1
make[2]: Leaving directory '/home/phil/catkin_ws/src/scripts/joint_states_listener/build/CMakeFiles/CMakeTmp'
Makefile:126: recipe for target 'cmTC_82536/fast' failed
make[1]: *** [cmTC_82536/fast] Error 2
make[1]: Leaving directory '/home/phil/catkin_ws/src/scripts/joint_states_listener/build/CMakeFiles/CMakeTmp'


